<?xml version="1.0" encoding="UTF-8"?>
<!-- Generated by org.testng.reporters.JUnitReportReporter -->
<testsuite skipped="1" hostname="DESKTOP-CFS1HL3" name="Test_RedBus.main_test" tests="5" failures="0" timestamp="24 Apr 2020 20:48:03 GMT" time="11.235" errors="0">
  <testcase name="main" time="4.266" classname="Test_RedBus.main_test"/>
  <testcase name="credentials" time="6.953" classname="Test_RedBus.main_test"/>
  <testcase name="nextpage" time="0.006" classname="Test_RedBus.main_test"/>
  <testcase name="enter" time="0.010" classname="Test_RedBus.main_test"/>
  <testcase name="dest" classname="Test_RedBus.main_test">
    <skipped/>
  </testcase> <!-- dest -->
</testsuite> <!-- Test_RedBus.main_test -->
